[14-Sep-2020 14:15:50 UTC] PHP Warning:  An unexpected error occurred. Something may be wrong with WordPress.org or this server&#8217;s configuration. If you continue to have problems, please try the <a href="https://wordpress.org/support/forums/">support forums</a>. (WordPress could not establish a secure connection to WordPress.org. Please contact your server administrator.) in /srv/www/wordpress-one/public_html/wp-admin/includes/translation-install.php on line 68
[14-Sep-2020 14:15:55 UTC] PHP Notice:  Undefined index: host in /srv/www/wordpress-one/public_html/wp-includes/l10n.php on line 1075
[14-Sep-2020 14:15:55 UTC] PHP Notice:  Undefined index: host in /srv/www/wordpress-one/public_html/wp-includes/l10n.php on line 1075
[14-Sep-2020 10:16:41 America/New_York] PHP Deprecated:  login_headertitle is <strong>deprecated</strong> since version 5.2.0! Use login_headertext instead. Usage of the title attribute on the login logo is not recommended for accessibility reasons. Use the link text instead. in /srv/www/wordpress-one/public_html/wp-includes/functions.php on line 5148
[14-Sep-2020 10:17:27 America/New_York] PHP Deprecated:  login_headertitle is <strong>deprecated</strong> since version 5.2.0! Use login_headertext instead. Usage of the title attribute on the login logo is not recommended for accessibility reasons. Use the link text instead. in /srv/www/wordpress-one/public_html/wp-includes/functions.php on line 5148
[14-Sep-2020 10:17:35 America/New_York] PHP Deprecated:  login_headertitle is <strong>deprecated</strong> since version 5.2.0! Use login_headertext instead. Usage of the title attribute on the login logo is not recommended for accessibility reasons. Use the link text instead. in /srv/www/wordpress-one/public_html/wp-includes/functions.php on line 5148
[14-Sep-2020 10:17:42 America/New_York] PHP Deprecated:  login_headertitle is <strong>deprecated</strong> since version 5.2.0! Use login_headertext instead. Usage of the title attribute on the login logo is not recommended for accessibility reasons. Use the link text instead. in /srv/www/wordpress-one/public_html/wp-includes/functions.php on line 5148
[14-Sep-2020 10:17:49 America/New_York] PHP Deprecated:  login_headertitle is <strong>deprecated</strong> since version 5.2.0! Use login_headertext instead. Usage of the title attribute on the login logo is not recommended for accessibility reasons. Use the link text instead. in /srv/www/wordpress-one/public_html/wp-includes/functions.php on line 5148
[14-Sep-2020 10:17:52 America/New_York] PHP Deprecated:  login_headertitle is <strong>deprecated</strong> since version 5.2.0! Use login_headertext instead. Usage of the title attribute on the login logo is not recommended for accessibility reasons. Use the link text instead. in /srv/www/wordpress-one/public_html/wp-includes/functions.php on line 5148
[14-Sep-2020 10:19:08 America/New_York] PHP Deprecated:  login_headertitle is <strong>deprecated</strong> since version 5.2.0! Use login_headertext instead. Usage of the title attribute on the login logo is not recommended for accessibility reasons. Use the link text instead. in /srv/www/wordpress-one/public_html/wp-includes/functions.php on line 5148
[14-Sep-2020 14:33:53 UTC] PHP Notice:  Undefined index: host in /srv/www/wordpress-one/public_html/wp-includes/l10n.php on line 1075
[14-Sep-2020 14:33:53 UTC] PHP Notice:  Undefined index: host in /srv/www/wordpress-one/public_html/wp-includes/l10n.php on line 1075
[14-Sep-2020 14:34:01 UTC] PHP Notice:  Undefined index: host in /srv/www/wordpress-one/public_html/wp-includes/l10n.php on line 1075
[14-Sep-2020 14:34:01 UTC] PHP Notice:  Undefined index: host in /srv/www/wordpress-one/public_html/wp-includes/l10n.php on line 1075
[14-Sep-2020 10:41:49 America/New_York] PHP Notice:  Undefined index: show_job_info in /srv/www/wordpress-one/public_html/wp-content/themes/Nebula-master/libs/Widgets.php on line 222
[14-Sep-2020 10:41:49 America/New_York] PHP Notice:  Undefined index: show_location in /srv/www/wordpress-one/public_html/wp-content/themes/Nebula-master/libs/Widgets.php on line 227
[14-Sep-2020 10:41:49 America/New_York] PHP Notice:  Undefined index: show_social_links in /srv/www/wordpress-one/public_html/wp-content/themes/Nebula-master/libs/Widgets.php on line 232
[14-Sep-2020 10:41:49 America/New_York] PHP Notice:  Undefined index: map_mode in /srv/www/wordpress-one/public_html/wp-content/themes/Nebula-master/libs/Widgets.php on line 398
[14-Sep-2020 10:41:49 America/New_York] PHP Notice:  Undefined index: map_mode in /srv/www/wordpress-one/public_html/wp-content/themes/Nebula-master/libs/Widgets.php on line 399
[14-Sep-2020 10:41:49 America/New_York] PHP Notice:  Undefined index: map_mode in /srv/www/wordpress-one/public_html/wp-content/themes/Nebula-master/libs/Widgets.php on line 400
[14-Sep-2020 10:41:49 America/New_York] PHP Notice:  Undefined index: map_mode in /srv/www/wordpress-one/public_html/wp-content/themes/Nebula-master/libs/Widgets.php on line 401
[14-Sep-2020 10:41:49 America/New_York] PHP Notice:  Undefined index: map_mode in /srv/www/wordpress-one/public_html/wp-content/themes/Nebula-master/libs/Widgets.php on line 402
[14-Sep-2020 10:41:49 America/New_York] PHP Notice:  Undefined index: travel_mode in /srv/www/wordpress-one/public_html/wp-content/themes/Nebula-master/libs/Widgets.php on line 426
[14-Sep-2020 10:41:49 America/New_York] PHP Notice:  Undefined index: travel_mode in /srv/www/wordpress-one/public_html/wp-content/themes/Nebula-master/libs/Widgets.php on line 427
[14-Sep-2020 10:41:49 America/New_York] PHP Notice:  Undefined index: travel_mode in /srv/www/wordpress-one/public_html/wp-content/themes/Nebula-master/libs/Widgets.php on line 428
[14-Sep-2020 10:41:49 America/New_York] PHP Notice:  Undefined index: travel_mode in /srv/www/wordpress-one/public_html/wp-content/themes/Nebula-master/libs/Widgets.php on line 429
[14-Sep-2020 10:41:49 America/New_York] PHP Notice:  Undefined index: travel_mode in /srv/www/wordpress-one/public_html/wp-content/themes/Nebula-master/libs/Widgets.php on line 430
[14-Sep-2020 10:41:49 America/New_York] PHP Notice:  Undefined index: travel_mode in /srv/www/wordpress-one/public_html/wp-content/themes/Nebula-master/libs/Widgets.php on line 431
[14-Sep-2020 10:41:49 America/New_York] PHP Notice:  Undefined index: units in /srv/www/wordpress-one/public_html/wp-content/themes/Nebula-master/libs/Widgets.php on line 441
[14-Sep-2020 10:41:49 America/New_York] PHP Notice:  Undefined index: units in /srv/www/wordpress-one/public_html/wp-content/themes/Nebula-master/libs/Widgets.php on line 442
[14-Sep-2020 10:41:49 America/New_York] PHP Notice:  Undefined index: units in /srv/www/wordpress-one/public_html/wp-content/themes/Nebula-master/libs/Widgets.php on line 443
[14-Sep-2020 10:41:49 America/New_York] PHP Notice:  Undefined index: map_type in /srv/www/wordpress-one/public_html/wp-content/themes/Nebula-master/libs/Widgets.php on line 471
[14-Sep-2020 10:41:49 America/New_York] PHP Notice:  Undefined index: map_type in /srv/www/wordpress-one/public_html/wp-content/themes/Nebula-master/libs/Widgets.php on line 472
[14-Sep-2020 10:41:49 America/New_York] PHP Notice:  Undefined index: share_api in /srv/www/wordpress-one/public_html/wp-content/themes/Nebula-master/libs/Widgets.php on line 765
[14-Sep-2020 10:41:49 America/New_York] PHP Notice:  Undefined index: facebook in /srv/www/wordpress-one/public_html/wp-content/themes/Nebula-master/libs/Widgets.php on line 771
[14-Sep-2020 10:41:49 America/New_York] PHP Notice:  Undefined index: twitter in /srv/www/wordpress-one/public_html/wp-content/themes/Nebula-master/libs/Widgets.php on line 776
[14-Sep-2020 10:41:49 America/New_York] PHP Notice:  Undefined index: linkedin in /srv/www/wordpress-one/public_html/wp-content/themes/Nebula-master/libs/Widgets.php on line 781
[14-Sep-2020 10:41:49 America/New_York] PHP Notice:  Undefined index: pinterest in /srv/www/wordpress-one/public_html/wp-content/themes/Nebula-master/libs/Widgets.php on line 786
[14-Sep-2020 10:41:49 America/New_York] PHP Notice:  Undefined index: native_buttons in /srv/www/wordpress-one/public_html/wp-content/themes/Nebula-master/libs/Widgets.php on line 791
[14-Sep-2020 10:41:49 America/New_York] PHP Notice:  Undefined index: include_retweets in /srv/www/wordpress-one/public_html/wp-content/themes/Nebula-master/libs/Widgets.php on line 903
[14-Sep-2020 10:41:49 America/New_York] PHP Notice:  Undefined index: video_provider in /srv/www/wordpress-one/public_html/wp-content/themes/Nebula-master/libs/Widgets.php on line 966
[14-Sep-2020 10:41:49 America/New_York] PHP Notice:  Undefined index: video_provider in /srv/www/wordpress-one/public_html/wp-content/themes/Nebula-master/libs/Widgets.php on line 967
[14-Sep-2020 10:41:49 America/New_York] PHP Notice:  Undefined index: show_job_info in /srv/www/wordpress-one/public_html/wp-content/themes/Nebula-master/libs/Widgets.php on line 222
[14-Sep-2020 10:41:49 America/New_York] PHP Notice:  Undefined index: show_location in /srv/www/wordpress-one/public_html/wp-content/themes/Nebula-master/libs/Widgets.php on line 227
[14-Sep-2020 10:41:49 America/New_York] PHP Notice:  Undefined index: show_social_links in /srv/www/wordpress-one/public_html/wp-content/themes/Nebula-master/libs/Widgets.php on line 232
[14-Sep-2020 10:41:49 America/New_York] PHP Notice:  Undefined index: map_mode in /srv/www/wordpress-one/public_html/wp-content/themes/Nebula-master/libs/Widgets.php on line 398
[14-Sep-2020 10:41:49 America/New_York] PHP Notice:  Undefined index: map_mode in /srv/www/wordpress-one/public_html/wp-content/themes/Nebula-master/libs/Widgets.php on line 399
[14-Sep-2020 10:41:49 America/New_York] PHP Notice:  Undefined index: map_mode in /srv/www/wordpress-one/public_html/wp-content/themes/Nebula-master/libs/Widgets.php on line 400
[14-Sep-2020 10:41:49 America/New_York] PHP Notice:  Undefined index: map_mode in /srv/www/wordpress-one/public_html/wp-content/themes/Nebula-master/libs/Widgets.php on line 401
[14-Sep-2020 10:41:49 America/New_York] PHP Notice:  Undefined index: map_mode in /srv/www/wordpress-one/public_html/wp-content/themes/Nebula-master/libs/Widgets.php on line 402
[14-Sep-2020 10:41:49 America/New_York] PHP Notice:  Undefined index: travel_mode in /srv/www/wordpress-one/public_html/wp-content/themes/Nebula-master/libs/Widgets.php on line 426
[14-Sep-2020 10:41:49 America/New_York] PHP Notice:  Undefined index: travel_mode in /srv/www/wordpress-one/public_html/wp-content/themes/Nebula-master/libs/Widgets.php on line 427
[14-Sep-2020 10:41:49 America/New_York] PHP Notice:  Undefined index: travel_mode in /srv/www/wordpress-one/public_html/wp-content/themes/Nebula-master/libs/Widgets.php on line 428
[14-Sep-2020 10:41:49 America/New_York] PHP Notice:  Undefined index: travel_mode in /srv/www/wordpress-one/public_html/wp-content/themes/Nebula-master/libs/Widgets.php on line 429
[14-Sep-2020 10:41:49 America/New_York] PHP Notice:  Undefined index: travel_mode in /srv/www/wordpress-one/public_html/wp-content/themes/Nebula-master/libs/Widgets.php on line 430
[14-Sep-2020 10:41:49 America/New_York] PHP Notice:  Undefined index: travel_mode in /srv/www/wordpress-one/public_html/wp-content/themes/Nebula-master/libs/Widgets.php on line 431
[14-Sep-2020 10:41:49 America/New_York] PHP Notice:  Undefined index: units in /srv/www/wordpress-one/public_html/wp-content/themes/Nebula-master/libs/Widgets.php on line 441
[14-Sep-2020 10:41:49 America/New_York] PHP Notice:  Undefined index: units in /srv/www/wordpress-one/public_html/wp-content/themes/Nebula-master/libs/Widgets.php on line 442
[14-Sep-2020 10:41:49 America/New_York] PHP Notice:  Undefined index: units in /srv/www/wordpress-one/public_html/wp-content/themes/Nebula-master/libs/Widgets.php on line 443
[14-Sep-2020 10:41:49 America/New_York] PHP Notice:  Undefined index: map_type in /srv/www/wordpress-one/public_html/wp-content/themes/Nebula-master/libs/Widgets.php on line 471
[14-Sep-2020 10:41:49 America/New_York] PHP Notice:  Undefined index: map_type in /srv/www/wordpress-one/public_html/wp-content/themes/Nebula-master/libs/Widgets.php on line 472
[14-Sep-2020 10:41:49 America/New_York] PHP Notice:  Undefined index: share_api in /srv/www/wordpress-one/public_html/wp-content/themes/Nebula-master/libs/Widgets.php on line 765
[14-Sep-2020 10:41:49 America/New_York] PHP Notice:  Undefined index: facebook in /srv/www/wordpress-one/public_html/wp-content/themes/Nebula-master/libs/Widgets.php on line 771
[14-Sep-2020 10:41:49 America/New_York] PHP Notice:  Undefined index: twitter in /srv/www/wordpress-one/public_html/wp-content/themes/Nebula-master/libs/Widgets.php on line 776
[14-Sep-2020 10:41:49 America/New_York] PHP Notice:  Undefined index: linkedin in /srv/www/wordpress-one/public_html/wp-content/themes/Nebula-master/libs/Widgets.php on line 781
[14-Sep-2020 10:41:49 America/New_York] PHP Notice:  Undefined index: pinterest in /srv/www/wordpress-one/public_html/wp-content/themes/Nebula-master/libs/Widgets.php on line 786
[14-Sep-2020 10:41:49 America/New_York] PHP Notice:  Undefined index: native_buttons in /srv/www/wordpress-one/public_html/wp-content/themes/Nebula-master/libs/Widgets.php on line 791
[14-Sep-2020 10:41:49 America/New_York] PHP Notice:  Undefined index: include_retweets in /srv/www/wordpress-one/public_html/wp-content/themes/Nebula-master/libs/Widgets.php on line 903
[14-Sep-2020 10:41:49 America/New_York] PHP Notice:  Undefined index: video_provider in /srv/www/wordpress-one/public_html/wp-content/themes/Nebula-master/libs/Widgets.php on line 966
[14-Sep-2020 10:41:49 America/New_York] PHP Notice:  Undefined index: video_provider in /srv/www/wordpress-one/public_html/wp-content/themes/Nebula-master/libs/Widgets.php on line 967
[14-Sep-2020 10:43:18 America/New_York] PHP Notice:  Undefined index: show_job_info in /srv/www/wordpress-one/public_html/wp-content/themes/Nebula-master/libs/Widgets.php on line 222
[14-Sep-2020 10:43:18 America/New_York] PHP Notice:  Undefined index: show_location in /srv/www/wordpress-one/public_html/wp-content/themes/Nebula-master/libs/Widgets.php on line 227
[14-Sep-2020 10:43:18 America/New_York] PHP Notice:  Undefined index: show_social_links in /srv/www/wordpress-one/public_html/wp-content/themes/Nebula-master/libs/Widgets.php on line 232
[14-Sep-2020 10:43:18 America/New_York] PHP Notice:  Undefined index: map_mode in /srv/www/wordpress-one/public_html/wp-content/themes/Nebula-master/libs/Widgets.php on line 398
[14-Sep-2020 10:43:18 America/New_York] PHP Notice:  Undefined index: map_mode in /srv/www/wordpress-one/public_html/wp-content/themes/Nebula-master/libs/Widgets.php on line 399
[14-Sep-2020 10:43:18 America/New_York] PHP Notice:  Undefined index: map_mode in /srv/www/wordpress-one/public_html/wp-content/themes/Nebula-master/libs/Widgets.php on line 400
[14-Sep-2020 10:43:18 America/New_York] PHP Notice:  Undefined index: map_mode in /srv/www/wordpress-one/public_html/wp-content/themes/Nebula-master/libs/Widgets.php on line 401
[14-Sep-2020 10:43:18 America/New_York] PHP Notice:  Undefined index: map_mode in /srv/www/wordpress-one/public_html/wp-content/themes/Nebula-master/libs/Widgets.php on line 402
[14-Sep-2020 10:43:18 America/New_York] PHP Notice:  Undefined index: travel_mode in /srv/www/wordpress-one/public_html/wp-content/themes/Nebula-master/libs/Widgets.php on line 426
[14-Sep-2020 10:43:18 America/New_York] PHP Notice:  Undefined index: travel_mode in /srv/www/wordpress-one/public_html/wp-content/themes/Nebula-master/libs/Widgets.php on line 427
[14-Sep-2020 10:43:18 America/New_York] PHP Notice:  Undefined index: travel_mode in /srv/www/wordpress-one/public_html/wp-content/themes/Nebula-master/libs/Widgets.php on line 428
[14-Sep-2020 10:43:18 America/New_York] PHP Notice:  Undefined index: travel_mode in /srv/www/wordpress-one/public_html/wp-content/themes/Nebula-master/libs/Widgets.php on line 429
[14-Sep-2020 10:43:18 America/New_York] PHP Notice:  Undefined index: travel_mode in /srv/www/wordpress-one/public_html/wp-content/themes/Nebula-master/libs/Widgets.php on line 430
[14-Sep-2020 10:43:18 America/New_York] PHP Notice:  Undefined index: travel_mode in /srv/www/wordpress-one/public_html/wp-content/themes/Nebula-master/libs/Widgets.php on line 431
[14-Sep-2020 10:43:18 America/New_York] PHP Notice:  Undefined index: units in /srv/www/wordpress-one/public_html/wp-content/themes/Nebula-master/libs/Widgets.php on line 441
[14-Sep-2020 10:43:18 America/New_York] PHP Notice:  Undefined index: units in /srv/www/wordpress-one/public_html/wp-content/themes/Nebula-master/libs/Widgets.php on line 442
[14-Sep-2020 10:43:18 America/New_York] PHP Notice:  Undefined index: units in /srv/www/wordpress-one/public_html/wp-content/themes/Nebula-master/libs/Widgets.php on line 443
[14-Sep-2020 10:43:18 America/New_York] PHP Notice:  Undefined index: map_type in /srv/www/wordpress-one/public_html/wp-content/themes/Nebula-master/libs/Widgets.php on line 471
[14-Sep-2020 10:43:18 America/New_York] PHP Notice:  Undefined index: map_type in /srv/www/wordpress-one/public_html/wp-content/themes/Nebula-master/libs/Widgets.php on line 472
[14-Sep-2020 10:43:18 America/New_York] PHP Notice:  Undefined index: share_api in /srv/www/wordpress-one/public_html/wp-content/themes/Nebula-master/libs/Widgets.php on line 765
[14-Sep-2020 10:43:18 America/New_York] PHP Notice:  Undefined index: facebook in /srv/www/wordpress-one/public_html/wp-content/themes/Nebula-master/libs/Widgets.php on line 771
[14-Sep-2020 10:43:18 America/New_York] PHP Notice:  Undefined index: twitter in /srv/www/wordpress-one/public_html/wp-content/themes/Nebula-master/libs/Widgets.php on line 776
[14-Sep-2020 10:43:18 America/New_York] PHP Notice:  Undefined index: linkedin in /srv/www/wordpress-one/public_html/wp-content/themes/Nebula-master/libs/Widgets.php on line 781
[14-Sep-2020 10:43:18 America/New_York] PHP Notice:  Undefined index: pinterest in /srv/www/wordpress-one/public_html/wp-content/themes/Nebula-master/libs/Widgets.php on line 786
[14-Sep-2020 10:43:18 America/New_York] PHP Notice:  Undefined index: native_buttons in /srv/www/wordpress-one/public_html/wp-content/themes/Nebula-master/libs/Widgets.php on line 791
[14-Sep-2020 10:43:18 America/New_York] PHP Notice:  Undefined index: include_retweets in /srv/www/wordpress-one/public_html/wp-content/themes/Nebula-master/libs/Widgets.php on line 903
[14-Sep-2020 10:43:18 America/New_York] PHP Notice:  Undefined index: video_provider in /srv/www/wordpress-one/public_html/wp-content/themes/Nebula-master/libs/Widgets.php on line 966
[14-Sep-2020 10:43:18 America/New_York] PHP Notice:  Undefined index: video_provider in /srv/www/wordpress-one/public_html/wp-content/themes/Nebula-master/libs/Widgets.php on line 967
[14-Sep-2020 10:45:52 America/New_York] PHP Notice:  Undefined index: show_job_info in /srv/www/wordpress-one/public_html/wp-content/themes/Nebula-master/libs/Widgets.php on line 222
[14-Sep-2020 10:45:52 America/New_York] PHP Notice:  Undefined index: show_location in /srv/www/wordpress-one/public_html/wp-content/themes/Nebula-master/libs/Widgets.php on line 227
[14-Sep-2020 10:45:52 America/New_York] PHP Notice:  Undefined index: show_social_links in /srv/www/wordpress-one/public_html/wp-content/themes/Nebula-master/libs/Widgets.php on line 232
[14-Sep-2020 10:45:52 America/New_York] PHP Notice:  Undefined index: map_mode in /srv/www/wordpress-one/public_html/wp-content/themes/Nebula-master/libs/Widgets.php on line 398
[14-Sep-2020 10:45:52 America/New_York] PHP Notice:  Undefined index: map_mode in /srv/www/wordpress-one/public_html/wp-content/themes/Nebula-master/libs/Widgets.php on line 399
[14-Sep-2020 10:45:52 America/New_York] PHP Notice:  Undefined index: map_mode in /srv/www/wordpress-one/public_html/wp-content/themes/Nebula-master/libs/Widgets.php on line 400
[14-Sep-2020 10:45:52 America/New_York] PHP Notice:  Undefined index: map_mode in /srv/www/wordpress-one/public_html/wp-content/themes/Nebula-master/libs/Widgets.php on line 401
[14-Sep-2020 10:45:52 America/New_York] PHP Notice:  Undefined index: map_mode in /srv/www/wordpress-one/public_html/wp-content/themes/Nebula-master/libs/Widgets.php on line 402
[14-Sep-2020 10:45:52 America/New_York] PHP Notice:  Undefined index: travel_mode in /srv/www/wordpress-one/public_html/wp-content/themes/Nebula-master/libs/Widgets.php on line 426
[14-Sep-2020 10:45:52 America/New_York] PHP Notice:  Undefined index: travel_mode in /srv/www/wordpress-one/public_html/wp-content/themes/Nebula-master/libs/Widgets.php on line 427
[14-Sep-2020 10:45:52 America/New_York] PHP Notice:  Undefined index: travel_mode in /srv/www/wordpress-one/public_html/wp-content/themes/Nebula-master/libs/Widgets.php on line 428
[14-Sep-2020 10:45:52 America/New_York] PHP Notice:  Undefined index: travel_mode in /srv/www/wordpress-one/public_html/wp-content/themes/Nebula-master/libs/Widgets.php on line 429
[14-Sep-2020 10:45:52 America/New_York] PHP Notice:  Undefined index: travel_mode in /srv/www/wordpress-one/public_html/wp-content/themes/Nebula-master/libs/Widgets.php on line 430
[14-Sep-2020 10:45:52 America/New_York] PHP Notice:  Undefined index: travel_mode in /srv/www/wordpress-one/public_html/wp-content/themes/Nebula-master/libs/Widgets.php on line 431
[14-Sep-2020 10:45:52 America/New_York] PHP Notice:  Undefined index: units in /srv/www/wordpress-one/public_html/wp-content/themes/Nebula-master/libs/Widgets.php on line 441
[14-Sep-2020 10:45:52 America/New_York] PHP Notice:  Undefined index: units in /srv/www/wordpress-one/public_html/wp-content/themes/Nebula-master/libs/Widgets.php on line 442
[14-Sep-2020 10:45:52 America/New_York] PHP Notice:  Undefined index: units in /srv/www/wordpress-one/public_html/wp-content/themes/Nebula-master/libs/Widgets.php on line 443
[14-Sep-2020 10:45:52 America/New_York] PHP Notice:  Undefined index: map_type in /srv/www/wordpress-one/public_html/wp-content/themes/Nebula-master/libs/Widgets.php on line 471
[14-Sep-2020 10:45:52 America/New_York] PHP Notice:  Undefined index: map_type in /srv/www/wordpress-one/public_html/wp-content/themes/Nebula-master/libs/Widgets.php on line 472
[14-Sep-2020 10:45:52 America/New_York] PHP Notice:  Undefined index: share_api in /srv/www/wordpress-one/public_html/wp-content/themes/Nebula-master/libs/Widgets.php on line 765
[14-Sep-2020 10:45:52 America/New_York] PHP Notice:  Undefined index: facebook in /srv/www/wordpress-one/public_html/wp-content/themes/Nebula-master/libs/Widgets.php on line 771
[14-Sep-2020 10:45:52 America/New_York] PHP Notice:  Undefined index: twitter in /srv/www/wordpress-one/public_html/wp-content/themes/Nebula-master/libs/Widgets.php on line 776
[14-Sep-2020 10:45:52 America/New_York] PHP Notice:  Undefined index: linkedin in /srv/www/wordpress-one/public_html/wp-content/themes/Nebula-master/libs/Widgets.php on line 781
[14-Sep-2020 10:45:52 America/New_York] PHP Notice:  Undefined index: pinterest in /srv/www/wordpress-one/public_html/wp-content/themes/Nebula-master/libs/Widgets.php on line 786
[14-Sep-2020 10:45:52 America/New_York] PHP Notice:  Undefined index: native_buttons in /srv/www/wordpress-one/public_html/wp-content/themes/Nebula-master/libs/Widgets.php on line 791
[14-Sep-2020 10:45:52 America/New_York] PHP Notice:  Undefined index: include_retweets in /srv/www/wordpress-one/public_html/wp-content/themes/Nebula-master/libs/Widgets.php on line 903
[14-Sep-2020 10:45:52 America/New_York] PHP Notice:  Undefined index: video_provider in /srv/www/wordpress-one/public_html/wp-content/themes/Nebula-master/libs/Widgets.php on line 966
[14-Sep-2020 10:45:52 America/New_York] PHP Notice:  Undefined index: video_provider in /srv/www/wordpress-one/public_html/wp-content/themes/Nebula-master/libs/Widgets.php on line 967
[14-Sep-2020 10:45:52 America/New_York] PHP Notice:  Undefined index: show_job_info in /srv/www/wordpress-one/public_html/wp-content/themes/Nebula-master/libs/Widgets.php on line 222
[14-Sep-2020 10:45:52 America/New_York] PHP Notice:  Undefined index: show_location in /srv/www/wordpress-one/public_html/wp-content/themes/Nebula-master/libs/Widgets.php on line 227
[14-Sep-2020 10:45:52 America/New_York] PHP Notice:  Undefined index: show_social_links in /srv/www/wordpress-one/public_html/wp-content/themes/Nebula-master/libs/Widgets.php on line 232
[14-Sep-2020 10:45:52 America/New_York] PHP Notice:  Undefined index: map_mode in /srv/www/wordpress-one/public_html/wp-content/themes/Nebula-master/libs/Widgets.php on line 398
[14-Sep-2020 10:45:52 America/New_York] PHP Notice:  Undefined index: map_mode in /srv/www/wordpress-one/public_html/wp-content/themes/Nebula-master/libs/Widgets.php on line 399
[14-Sep-2020 10:45:52 America/New_York] PHP Notice:  Undefined index: map_mode in /srv/www/wordpress-one/public_html/wp-content/themes/Nebula-master/libs/Widgets.php on line 400
[14-Sep-2020 10:45:52 America/New_York] PHP Notice:  Undefined index: map_mode in /srv/www/wordpress-one/public_html/wp-content/themes/Nebula-master/libs/Widgets.php on line 401
[14-Sep-2020 10:45:52 America/New_York] PHP Notice:  Undefined index: map_mode in /srv/www/wordpress-one/public_html/wp-content/themes/Nebula-master/libs/Widgets.php on line 402
[14-Sep-2020 10:45:52 America/New_York] PHP Notice:  Undefined index: travel_mode in /srv/www/wordpress-one/public_html/wp-content/themes/Nebula-master/libs/Widgets.php on line 426
[14-Sep-2020 10:45:52 America/New_York] PHP Notice:  Undefined index: travel_mode in /srv/www/wordpress-one/public_html/wp-content/themes/Nebula-master/libs/Widgets.php on line 427
[14-Sep-2020 10:45:52 America/New_York] PHP Notice:  Undefined index: travel_mode in /srv/www/wordpress-one/public_html/wp-content/themes/Nebula-master/libs/Widgets.php on line 428
[14-Sep-2020 10:45:52 America/New_York] PHP Notice:  Undefined index: travel_mode in /srv/www/wordpress-one/public_html/wp-content/themes/Nebula-master/libs/Widgets.php on line 429
[14-Sep-2020 10:45:52 America/New_York] PHP Notice:  Undefined index: travel_mode in /srv/www/wordpress-one/public_html/wp-content/themes/Nebula-master/libs/Widgets.php on line 430
[14-Sep-2020 10:45:52 America/New_York] PHP Notice:  Undefined index: travel_mode in /srv/www/wordpress-one/public_html/wp-content/themes/Nebula-master/libs/Widgets.php on line 431
[14-Sep-2020 10:45:52 America/New_York] PHP Notice:  Undefined index: units in /srv/www/wordpress-one/public_html/wp-content/themes/Nebula-master/libs/Widgets.php on line 441
[14-Sep-2020 10:45:52 America/New_York] PHP Notice:  Undefined index: units in /srv/www/wordpress-one/public_html/wp-content/themes/Nebula-master/libs/Widgets.php on line 442
[14-Sep-2020 10:45:52 America/New_York] PHP Notice:  Undefined index: units in /srv/www/wordpress-one/public_html/wp-content/themes/Nebula-master/libs/Widgets.php on line 443
[14-Sep-2020 10:45:52 America/New_York] PHP Notice:  Undefined index: map_type in /srv/www/wordpress-one/public_html/wp-content/themes/Nebula-master/libs/Widgets.php on line 471
[14-Sep-2020 10:45:52 America/New_York] PHP Notice:  Undefined index: map_type in /srv/www/wordpress-one/public_html/wp-content/themes/Nebula-master/libs/Widgets.php on line 472
[14-Sep-2020 10:45:52 America/New_York] PHP Notice:  Undefined index: share_api in /srv/www/wordpress-one/public_html/wp-content/themes/Nebula-master/libs/Widgets.php on line 765
[14-Sep-2020 10:45:52 America/New_York] PHP Notice:  Undefined index: facebook in /srv/www/wordpress-one/public_html/wp-content/themes/Nebula-master/libs/Widgets.php on line 771
[14-Sep-2020 10:45:52 America/New_York] PHP Notice:  Undefined index: twitter in /srv/www/wordpress-one/public_html/wp-content/themes/Nebula-master/libs/Widgets.php on line 776
[14-Sep-2020 10:45:52 America/New_York] PHP Notice:  Undefined index: linkedin in /srv/www/wordpress-one/public_html/wp-content/themes/Nebula-master/libs/Widgets.php on line 781
[14-Sep-2020 10:45:52 America/New_York] PHP Notice:  Undefined index: pinterest in /srv/www/wordpress-one/public_html/wp-content/themes/Nebula-master/libs/Widgets.php on line 786
[14-Sep-2020 10:45:52 America/New_York] PHP Notice:  Undefined index: native_buttons in /srv/www/wordpress-one/public_html/wp-content/themes/Nebula-master/libs/Widgets.php on line 791
[14-Sep-2020 10:45:52 America/New_York] PHP Notice:  Undefined index: include_retweets in /srv/www/wordpress-one/public_html/wp-content/themes/Nebula-master/libs/Widgets.php on line 903
[14-Sep-2020 10:45:52 America/New_York] PHP Notice:  Undefined index: video_provider in /srv/www/wordpress-one/public_html/wp-content/themes/Nebula-master/libs/Widgets.php on line 966
[14-Sep-2020 10:45:52 America/New_York] PHP Notice:  Undefined index: video_provider in /srv/www/wordpress-one/public_html/wp-content/themes/Nebula-master/libs/Widgets.php on line 967
